c:\users\administrator\documents\visual studio 2015\projects\mfc_safedetect\mfc_safedetect\debug\mfc_safedetect.pch
c:\users\administrator\documents\visual studio 2015\projects\mfc_safedetect\mfc_safedetect\debug\vc140.pdb
c:\users\administrator\documents\visual studio 2015\projects\mfc_safedetect\mfc_safedetect\debug\vc140.idb
c:\users\administrator\documents\visual studio 2015\projects\mfc_safedetect\mfc_safedetect\debug\stdafx.obj
c:\users\administrator\documents\visual studio 2015\projects\mfc_safedetect\mfc_safedetect\debug\mfc_safedetect.obj
c:\users\administrator\documents\visual studio 2015\projects\mfc_safedetect\mfc_safedetect\debug\mfc_safedetectdlg.obj
c:\users\administrator\documents\visual studio 2015\projects\mfc_safedetect\mfc_safedetect\debug\cvvimage.obj
c:\users\administrator\documents\visual studio 2015\projects\mfc_safedetect\debug\mfc_safedetect.ilk
c:\users\administrator\documents\visual studio 2015\projects\mfc_safedetect\debug\mfc_safedetect.exe
c:\users\administrator\documents\visual studio 2015\projects\mfc_safedetect\debug\mfc_safedetect.pdb
c:\users\administrator\documents\visual studio 2015\projects\mfc_safedetect\mfc_safedetect\debug\mfc_safedetect.res
c:\users\administrator\documents\visual studio 2015\projects\mfc_safedetect\mfc_safedetect\debug\mfc_safedetect.tlog\cl.command.1.tlog
c:\users\administrator\documents\visual studio 2015\projects\mfc_safedetect\mfc_safedetect\debug\mfc_safedetect.tlog\cl.read.1.tlog
c:\users\administrator\documents\visual studio 2015\projects\mfc_safedetect\mfc_safedetect\debug\mfc_safedetect.tlog\cl.write.1.tlog
c:\users\administrator\documents\visual studio 2015\projects\mfc_safedetect\mfc_safedetect\debug\mfc_safedetect.tlog\link.14904-cvtres.read.1.tlog
c:\users\administrator\documents\visual studio 2015\projects\mfc_safedetect\mfc_safedetect\debug\mfc_safedetect.tlog\link.14904-cvtres.write.1.tlog
c:\users\administrator\documents\visual studio 2015\projects\mfc_safedetect\mfc_safedetect\debug\mfc_safedetect.tlog\link.14904-mt.read.1.tlog
c:\users\administrator\documents\visual studio 2015\projects\mfc_safedetect\mfc_safedetect\debug\mfc_safedetect.tlog\link.14904-mt.write.1.tlog
c:\users\administrator\documents\visual studio 2015\projects\mfc_safedetect\mfc_safedetect\debug\mfc_safedetect.tlog\link.14904-rc.read.1.tlog
c:\users\administrator\documents\visual studio 2015\projects\mfc_safedetect\mfc_safedetect\debug\mfc_safedetect.tlog\link.14904-rc.write.1.tlog
c:\users\administrator\documents\visual studio 2015\projects\mfc_safedetect\mfc_safedetect\debug\mfc_safedetect.tlog\link.14904.read.1.tlog
c:\users\administrator\documents\visual studio 2015\projects\mfc_safedetect\mfc_safedetect\debug\mfc_safedetect.tlog\link.14904.write.1.tlog
c:\users\administrator\documents\visual studio 2015\projects\mfc_safedetect\mfc_safedetect\debug\mfc_safedetect.tlog\link.command.1.tlog
c:\users\administrator\documents\visual studio 2015\projects\mfc_safedetect\mfc_safedetect\debug\mfc_safedetect.tlog\link.read.1.tlog
c:\users\administrator\documents\visual studio 2015\projects\mfc_safedetect\mfc_safedetect\debug\mfc_safedetect.tlog\link.write.1.tlog
c:\users\administrator\documents\visual studio 2015\projects\mfc_safedetect\mfc_safedetect\debug\mfc_safedetect.tlog\rc.command.1.tlog
c:\users\administrator\documents\visual studio 2015\projects\mfc_safedetect\mfc_safedetect\debug\mfc_safedetect.tlog\rc.read.1.tlog
c:\users\administrator\documents\visual studio 2015\projects\mfc_safedetect\mfc_safedetect\debug\mfc_safedetect.tlog\rc.write.1.tlog
